<?xml version="1.0" encoding="UTF-8"?>
<!-- Generated by org.testng.reporters.JUnitReportReporter -->
<testsuite hostname="DESKTOP-E0L7J9C" failures="0" tests="3" name="com.test.GoogleTest" time="42.947" errors="0" timestamp="2021-04-09T19:17:44 IST" skipped="0">
  <testcase classname="com.test.GoogleTest" name="maillinkTest" time="23.426"/>
  <system-out/>
  <testcase classname="com.test.GoogleTest" name="googleTitleTest" time="9.719"/>
  <system-out/>
  <testcase classname="com.test.GoogleTest" name="logoTest" time="9.802"/>
  <system-out/>
</testsuite> <!-- com.test.GoogleTest -->
