<?xml version="1.0" encoding="UTF-8"?>
<!-- Generated by org.testng.reporters.JUnitReportReporter -->
<testsuite hostname="DESKTOP-E0L7J9C" failures="0" tests="1" name="com.test.BasicTestNG" time="0.012" errors="0" timestamp="2021-04-09T17:42:15 IST" skipped="0">
  <testcase classname="com.test.BasicTestNG" name="test" time="0.012"/>
  <system-out/>
</testsuite> <!-- com.test.BasicTestNG -->
