<?xml version="1.0" encoding="UTF-8"?>
<!-- Generated by org.testng.reporters.JUnitReportReporter -->
<testsuite hostname="DESKTOP-E0L7J9C" failures="0" tests="1" name="com.test.DownloadFileConcept" time="19.212" errors="0" timestamp="2021-04-19T16:37:12 IST" skipped="0">
  <testcase classname="com.test.DownloadFileConcept" name="downloadFileTest" time="19.212"/>
  <system-out/>
</testsuite> <!-- com.test.DownloadFileConcept -->
