<?xml version="1.0" encoding="UTF-8"?>
<!-- Generated by org.testng.reporters.JUnitReportReporter -->
<testsuite hostname="DESKTOP-E0L7J9C" failures="0" tests="1" name="com.test.FileDownload" time="124.318" errors="0" timestamp="2021-04-19T16:17:38 IST" skipped="0">
  <testcase classname="com.test.FileDownload" name="downloadFile" time="124.318"/>
  <system-out/>
</testsuite> <!-- com.test.FileDownload -->
